Configuring half-0.2.2.3...
Building half-0.2.2.3...
Preprocessing library half-0.2.2.3...

on the commandline: warning:
    unrecognised warning flag: -fno-warn-missing-pat-syn-sigs
[1 of 1] Compiling Numeric.Half     ( src/Numeric/Half.hs, .stack-work/dist/x86_64-linux/Cabal-1.24.0.0/build/Numeric/Half.o )

src/Numeric/Half.hs:151:1: warning: [-Wmissing-signatures]
    Top-level binding with no type signature: POS_INF :: Half

src/Numeric/Half.hs:154:1: warning: [-Wmissing-signatures]
    Top-level binding with no type signature: NEG_INF :: Half

src/Numeric/Half.hs:157:1: warning: [-Wmissing-signatures]
    Top-level binding with no type signature: QNaN :: Half

src/Numeric/Half.hs:160:1: warning: [-Wmissing-signatures]
    Top-level binding with no type signature: SNaN :: Half

src/Numeric/Half.hs:163:1: warning: [-Wmissing-signatures]
    Top-level binding with no type signature: HALF_MIN :: Half

src/Numeric/Half.hs:166:1: warning: [-Wmissing-signatures]
    Top-level binding with no type signature: HALF_NRM_MIN :: Half

src/Numeric/Half.hs:169:1: warning: [-Wmissing-signatures]
    Top-level binding with no type signature: HALF_MAX :: Half

src/Numeric/Half.hs:172:1: warning: [-Wmissing-signatures]
    Top-level binding with no type signature: HALF_EPSILON :: Half

src/Numeric/Half.hs:175:1: warning: [-Wmissing-signatures]
    Top-level binding with no type signature:
      HALF_DIG :: forall a. (Num a, Eq a) => a

src/Numeric/Half.hs:178:1: warning: [-Wmissing-signatures]
    Top-level binding with no type signature:
      HALF_MIN_10_EXP :: forall a. (Num a, Eq a) => a

src/Numeric/Half.hs:181:1: warning: [-Wmissing-signatures]
    Top-level binding with no type signature:
      HALF_MAX_10_EXP :: forall a. (Num a, Eq a) => a
Installing library in
/home/tanner/.stack/snapshots/x86_64-linux/lts-7.0/8.0.1/lib/x86_64-linux-ghc-8.0.1/half-0.2.2.3-BFHx0LiJemg6baNXrjGThF
Registering half-0.2.2.3...
